<?xml version="1.0" encoding="utf-8" standalone="no"?>
<!--This file represents the results of running a test suite-->
<test-results name="Z:\IKT [4. SEMESTER]\SWT\SWT_LABS\Exercise 3\SWT_Ex3.2\WeighingSystem\WeighingSystem.Test\bin\Debug\WeighingSystem.Test.dll" total="1" errors="0" failures="0" not-run="0" inconclusive="0" ignored="0" skipped="0" invalid="0" date="2013-02-14" time="13:16:43">
  <environment nunit-version="2.6.2.12296" clr-version="2.0.50727.5466" os-version="Microsoft Windows NT 6.1.7601 Service Pack 1" platform="Win32NT" cwd="C:\Program Files (x86)\NUnit 2.6.2\bin" machine-name="KHALED-PC" user="Khaled" user-domain="Khaled-PC" />
  <culture-info current-culture="da-DK" current-uiculture="en-US" />
  <test-suite type="Assembly" name="Z:\IKT [4. SEMESTER]\SWT\SWT_LABS\Exercise 3\SWT_Ex3.2\WeighingSystem\WeighingSystem.Test\bin\Debug\WeighingSystem.Test.dll" executed="True" result="Success" success="True" time="0.016" asserts="0">
    <results>
      <test-suite type="Namespace" name="WeighingSystem" executed="True" result="Success" success="True" time="0.016" asserts="0">
        <results>
          <test-suite type="Namespace" name="Test" executed="True" result="Success" success="True" time="0.016" asserts="0">
            <results>
              <test-suite type="TestFixture" name="DisplayTest" executed="True" result="Success" success="True" time="0.016" asserts="0">
                <results>
                  <test-case name="WeighingSystem.Test.DisplayTest.Columns_GetProperty_SimpleValue" executed="True" result="Success" success="True" time="0.016" asserts="1" />
                </results>
              </test-suite>
            </results>
          </test-suite>
        </results>
      </test-suite>
    </results>
  </test-suite>
</test-results>