<?xml version="1.0" encoding="utf-8" standalone="no"?>
<!--This file represents the results of running a test suite-->
<test-results name="Z:\IKT [4. SEMESTER]\SWT\SWT_LABS\Exercise 4\SWT_Ex4\Calculator.Tests.Unit\bin\Debug\Calculator.Tests.Unit.dll" total="1" errors="0" failures="0" not-run="0" inconclusive="0" ignored="0" skipped="0" invalid="0" date="2013-02-21" time="23:06:22">
  <environment nunit-version="2.6.2.12296" clr-version="2.0.50727.5466" os-version="Microsoft Windows NT 6.1.7601 Service Pack 1" platform="Win32NT" cwd="C:\Program Files (x86)\NUnit 2.6.2\bin" machine-name="KHALED-PC" user="Khaled" user-domain="Khaled-PC" />
  <culture-info current-culture="da-DK" current-uiculture="en-US" />
  <test-suite type="Assembly" name="Z:\IKT [4. SEMESTER]\SWT\SWT_LABS\Exercise 4\SWT_Ex4\Calculator.Tests.Unit\bin\Debug\Calculator.Tests.Unit.dll" executed="True" result="Success" success="True" time="0.078" asserts="0">
    <results>
      <test-suite type="Namespace" name="Calculator" executed="True" result="Success" success="True" time="0.062" asserts="0">
        <results>
          <test-suite type="Namespace" name="Tests" executed="True" result="Success" success="True" time="0.062" asserts="0">
            <results>
              <test-suite type="Namespace" name="Unit" executed="True" result="Success" success="True" time="0.062" asserts="0">
                <results>
                  <test-suite type="TestFixture" name="StackCalculatorTests" executed="True" result="Success" success="True" time="0.062" asserts="0">
                    <results>
                      <test-case name="Calculator.Tests.Unit.StackCalculatorTests.Index_IndexOutOfRange_ThrowsException" executed="True" result="Success" success="True" time="0.031" asserts="0" />
                    </results>
                  </test-suite>
                </results>
              </test-suite>
            </results>
          </test-suite>
        </results>
      </test-suite>
    </results>
  </test-suite>
</test-results>